
> astra-admin-panel@0.1.0 dev
> next dev

  Γû▓ Next.js 14.2.3
  - Local:        http://localhost:3000

 Γ£ô Starting...
 Γ£ô Ready in 3s
 Γùï Compiling /_not-found ...
 Γ£ô Compiled /_not-found in 10.2s (464 modules)
 GET / 404 in 10689ms
 Γ£ô Compiled in 623ms (236 modules)
 GET /login 404 in 46ms
 GET / 404 in 52ms
 GET /admin 404 in 51ms
 GET /auth/login 404 in 51ms
 GET / 404 in 47ms
 GET / 404 in 67ms
 Γùï Compiling /admin/login ...
 Γ£ô Compiled /admin/login in 1096ms (478 modules)
 GET /admin/login 200 in 1336ms
 Γ£ô Compiled in 591ms (255 modules)
 Γ£ô Compiled in 442ms (492 modules)
 Γ£ô Compiled in 369ms (494 modules)
 GET /admin/login 200 in 161ms
 Γùï Compiling /_not-found ...
 Γ£ô Compiled /_not-found in 971ms (497 modules)
 GET / 404 in 1472ms
 GET / 404 in 86ms
 GET / 404 in 288ms
 GET / 404 in 45ms
 GET / 404 in 69ms
 GET /admin/login 200 in 358ms
 GET / 404 in 48ms
 GET /admin/login 200 in 182ms
 GET /admin/login 200 in 93ms
 GET /admin/login 200 in 61ms
 Γ£ô Compiled in 378ms (256 modules)
 Γ¿» SyntaxError: Unexpected end of JSON input
    at JSON.parse (<anonymous>)
    at loadManifest (C:\Users\ACER\OneDrive\astra admin panel\node_modules\next\dist\server\load-manifest.js:35:27)
    at DevServer.getNextFontManifest (C:\Users\ACER\OneDrive\astra admin panel\node_modules\next\dist\server\next-server.js:745:47)
    at DevServer.findPageComponents (C:\Users\ACER\OneDrive\astra admin panel\node_modules\next\dist\server\dev\next-dev-server.js:571:43)
    at async DevServer.renderPageComponent (C:\Users\ACER\OneDrive\astra admin panel\node_modules\next\dist\server\base-server.js:1910:24)
    at async DevServer.renderToResponseImpl (C:\Users\ACER\OneDrive\astra admin panel\node_modules\next\dist\server\base-server.js:1962:32)
    at async DevServer.pipeImpl (C:\Users\ACER\OneDrive\astra admin panel\node_modules\next\dist\server\base-server.js:920:25)
    at async NextNodeServer.handleCatchallRenderRequest (C:\Users\ACER\OneDrive\astra admin panel\node_modules\next\dist\server\next-server.js:272:17)
    at async DevServer.handleRequestImpl (C:\Users\ACER\OneDrive\astra admin panel\node_modules\next\dist\server\base-server.js:816:17)
    at async C:\Users\ACER\OneDrive\astra admin panel\node_modules\next\dist\server\dev\next-dev-server.js:339:20
    at async Span.traceAsyncFn (C:\Users\ACER\OneDrive\astra admin panel\node_modules\next\dist\trace\trace.js:154:20)
    at async DevServer.handleRequest (C:\Users\ACER\OneDrive\astra admin panel\node_modules\next\dist\server\dev\next-dev-server.js:336:24)
    at async invokeRender (C:\Users\ACER\OneDrive\astra admin panel\node_modules\next\dist\server\lib\router-server.js:174:21)
    at async handleRequest (C:\Users\ACER\OneDrive\astra admin panel\node_modules\next\dist\server\lib\router-server.js:353:24)
    at async requestHandlerImpl (C:\Users\ACER\OneDrive\astra admin panel\node_modules\next\dist\server\lib\router-server.js:377:13)
    at async Server.requestListener (C:\Users\ACER\OneDrive\astra admin panel\node_modules\next\dist\server\lib\start-server.js:141:13) {
  page: '/admin/login'
}
 Γùï Compiling /_error ...
 Γ£ô Compiled /_error in 3.3s (704 modules)
 GET /admin/login 200 in 123ms
 Γùï Compiling / ...
 Γ£ô Compiled / in 1130ms (754 modules)
 GET / 200 in 1422ms
 GET / 200 in 64ms
 Γ£ô Compiled in 990ms (766 modules)
 GET / 200 in 160ms
 GET /admin/login 200 in 84ms
